
*************************************************************************
 musrfit MINUIT2 output file from SiC_PECVD_thermal_100G_260K_asym.msr - 2023-01-30 14:29:23
*************************************************************************

 elapsed times:
   Minimize: 0.004 sec
   Minos:    0.055 sec

*************************************************************************

 Fval() = 24.8674, Edm() = 0.0856233, NFcn() = 644

*************************************************************************

 PARAMETERS
-------------------------------------------------------------------------
                                Parabolic           Minos
 No   Name       Value      Error      Negative    Positive    Limits
  1   f1         0.100399   0.000195206 ---         ---         ---    ---    
  2   f2         0.052146   0.000312547 ---         ---         ---    ---    
  3   f3         0.0119881  0.000273972 ---         ---         ---    ---    
  4   x1         66.4265    0.362403   ---         ---         ---    ---    
  5   x2         102.52     0.892732   ---         ---         ---    ---    

*************************************************************************
 COVARIANCE MATRIX
-------------------------------------------------------------------------
 no covariance matrix available

*************************************************************************
 CORRELATION COEFFICIENTS
-------------------------------------------------------------------------
 no correlation coefficients available

*************************************************************************
 chisq/maxLH RESULT 
*************************************************************************
 Time Range: 0x1p+0, 0x1.9p+4

 chisq   = 24.8674, NDF = 10, chisq/NDF   = 2.486737

*************************************************************************
 DONE 
*************************************************************************

