
*************************************************************************
 musrfit MINUIT2 output file from 1300x_100G_260K_diaFrac.msr - 2023-01-31 11:22:41
*************************************************************************

 elapsed times:
   Minimize: 0.002 sec
   Minos:    0.068 sec

*************************************************************************

 Fval() = 122.133, Edm() = 0.0351014, NFcn() = 146

*************************************************************************

 PARAMETERS
-------------------------------------------------------------------------
                                Parabolic           Minos
 No   Name       Value      Error      Negative    Positive    Limits
  1   f1         0.415747   0.00289625 ---         ---         0      1      
  2   f2         0.228209   0.000581631 ---         ---         0      1      
  3   f3         0.0265837  0.000447076 ---         ---         0      1      
  4   x1         42.3342    1.01413    ---         ---         ---    ---    
  5   x2         99.5008    0.00286976 ---         ---         ---    ---    

*************************************************************************
 COVARIANCE MATRIX
-------------------------------------------------------------------------
 no covariance matrix available

*************************************************************************
 CORRELATION COEFFICIENTS
-------------------------------------------------------------------------
 no correlation coefficients available

*************************************************************************
 chisq/maxLH RESULT 
*************************************************************************
 Time Range: 0x1p+0, 0x1.6p+4

 chisq   = 122.1328, NDF = 14, chisq/NDF   = 8.723769

*************************************************************************
 DONE 
*************************************************************************

