
*************************************************************************
 musrfit MINUIT2 output file from test-depthProfiles.msr - 2022-08-15 17:37:42
*************************************************************************

 elapsed times:
   Minimize: 1.866 sec

*************************************************************************

 Fval() = 21.801, Edm() = 0.0883185, NFcn() = 415

*************************************************************************

 PARAMETERS
-------------------------------------------------------------------------
                                Parabolic           Minos
 No   Name       Value      Error      Negative    Positive    Limits
  1   f1         0.542739   0.00103067 ---         ---         ---    ---    
  2   f2         0.234124   0.000484548 ---         ---         ---    ---    
  3   f3         0.0513689  0.00144691 ---         ---         ---    ---    
  4   x1         66.2695    1.43009    ---         ---         ---    ---    
  5   x2         105.959    1.28405    ---         ---         ---    ---    

*************************************************************************
 COVARIANCE MATRIX
-------------------------------------------------------------------------
 no covariance matrix available

*************************************************************************
 CORRELATION COEFFICIENTS
-------------------------------------------------------------------------
 no correlation coefficients available

*************************************************************************
 chisq/maxLH RESULT 
*************************************************************************
 Time Range: 0x1p+0, 0x1.4p+4

 chisq   = 21.8010, NDF = 10, chisq/NDF   = 2.180099

*************************************************************************
 DONE 
*************************************************************************

