
*************************************************************************
 musrfit MINUIT2 output file from Si_PECVD_100G_260K_asym.msr - 2023-01-30 14:25:45
*************************************************************************

 elapsed times:
   Minimize: 0.001 sec
   Minos:    0.010 sec

*************************************************************************

 Fval() = 18.8683, Edm() = 0.0925626, NFcn() = 230

*************************************************************************

 PARAMETERS
-------------------------------------------------------------------------
                                Parabolic           Minos
 No   Name       Value      Error      Negative    Positive    Limits
  1   f1         0.112915   0.000141292 ---         ---         0      1      
  2   f2         0.068036   0.00044984 ---         ---         ---    ---    
  3   x1         107.689    2.56525    ---         ---         ---    ---    

*************************************************************************
 COVARIANCE MATRIX
-------------------------------------------------------------------------
 no covariance matrix available

*************************************************************************
 CORRELATION COEFFICIENTS
-------------------------------------------------------------------------
 no correlation coefficients available

*************************************************************************
 chisq/maxLH RESULT 
*************************************************************************
 Time Range: 0x1.4p+2, 0x1.6p+4

 chisq   = 18.8683, NDF = 8, chisq/NDF   = 2.358536

*************************************************************************
 DONE 
*************************************************************************

