
*************************************************************************
 musrfit MINUIT2 output file from 1300Ar_5G_260K_asym.msr - 2023-01-30 14:15:54
*************************************************************************

 elapsed times:
   Minimize: 0.003 sec
   Minos:    0.058 sec

*************************************************************************

 Fval() = 28.8481, Edm() = 0.0546137, NFcn() = 309

*************************************************************************

 PARAMETERS
-------------------------------------------------------------------------
                                Parabolic           Minos
 No   Name       Value      Error      Negative    Positive    Limits
  1   f1         0.147967   0.00601323 ---         ---         ---    ---    
  2   f2         0.0407733  9.66437e-05 ---         ---         ---    ---    
  3   f3         0.00429937 0.000635342 ---         ---         ---    ---    
  4   x1         39.5807    0.13999    ---         ---         ---    ---    
  5   x2         103.578    2.48248    ---         ---         ---    ---    

*************************************************************************
 COVARIANCE MATRIX
-------------------------------------------------------------------------
 no covariance matrix available

*************************************************************************
 CORRELATION COEFFICIENTS
-------------------------------------------------------------------------
 no correlation coefficients available

*************************************************************************
 chisq/maxLH RESULT 
*************************************************************************
 Time Range: 0x1p+0, 0x1.9p+4

 chisq   = 28.8481, NDF = 10, chisq/NDF   = 2.884810

*************************************************************************
 DONE 
*************************************************************************

